

*******************************************************************************
Thu Jan 23 22:09:58 2014


FIT:    data read from "trav_f_amp" u 1:3
        format = x:z
        #datapoints = 9
        residuals are weighted equally (unit weight)

function used for fitting: f
fitted parameters initialized with current variable values



*******************************************************************************
Thu Jan 23 22:10:02 2014


FIT:    data read from "trav_f_amp" u 1:3
        format = x:z
        #datapoints = 9
        residuals are weighted equally (unit weight)

function used for fitting: f(x)
fitted parameters initialized with current variable values



 Iteration 0
 WSSR        : 1010.79           delta(WSSR)/WSSR   : 0
 delta(WSSR) : 0                 limit for stopping : 1e-05
 lambda	  : 0.707118

initial set of free parameter values

a               = 30000
b               = 100

After 6 iterations the fit converged.
final sum of squares of residuals : 348.388
rel. change during last iteration : -7.48909e-14

degrees of freedom    (FIT_NDF)                        : 7
rms of residuals      (FIT_STDFIT) = sqrt(WSSR/ndf)    : 7.05477
variance of residuals (reduced chisquare) = WSSR/ndf   : 49.7698

Final set of parameters            Asymptotic Standard Error
=======================            ==========================

a               = 32145.9          +/- 910.8        (2.833%)
b               = 95.8202          +/- 5.125        (5.349%)


correlation matrix of the fit parameters:

               a      b      
a               1.000 
b              -0.889  1.000 
